#-----------------------------------------------------------
# Vivado v2019.2 (64-bit)
# SW Build 2708876 on Wed Nov  6 21:40:23 MST 2019
# IP Build 2700528 on Thu Nov  7 00:09:20 MST 2019
# Start of session at: Sat Apr  8 23:31:14 2023
# Process ID: 25164
# Current directory: D:/Program Files/Verilog project/MIPS_Pipeline
# Command line: vivado.exe -gui_launcher_event rodinguilauncherevent15932 D:\Program Files\Verilog project\MIPS_Pipeline\MIPS_Pipeline.xpr
# Log file: D:/Program Files/Verilog project/MIPS_Pipeline/vivado.log
# Journal file: D:/Program Files/Verilog project/MIPS_Pipeline\vivado.jou
#-----------------------------------------------------------
start_gui
open_project {D:/Program Files/Verilog project/MIPS_Pipeline/MIPS_Pipeline.xpr}
Scanning sources...
Finished scanning sources
INFO: [IP_Flow 19-234] Refreshing IP repositories
INFO: [IP_Flow 19-1704] No user IP repositories specified
INFO: [IP_Flow 19-2313] Loaded Vivado IP repository 'D:/program/vivado/Vivado/2019.2/data/ip'.
update_compile_order -fileset sources_1
launch_simulation
Command: launch_simulation 
INFO: [Vivado 12-5682] Launching behavioral simulation in 'D:/Program Files/Verilog project/MIPS_Pipeline/MIPS_Pipeline.sim/sim_1/behav/xsim'
INFO: [SIM-utils-51] Simulation object is 'sim_1'
INFO: [SIM-utils-54] Inspecting design source files for 'test' in fileset 'sim_1'...
INFO: [SIM-utils-43] Exported 'D:/Program Files/Verilog project/MIPS_Pipeline/MIPS_Pipeline.sim/sim_1/behav/xsim/memfileIO.dat'
INFO: [SIM-utils-43] Exported 'D:/Program Files/Verilog project/MIPS_Pipeline/MIPS_Pipeline.sim/sim_1/behav/xsim/memfile.dat'
INFO: [SIM-utils-43] Exported 'D:/Program Files/Verilog project/MIPS_Pipeline/MIPS_Pipeline.sim/sim_1/behav/xsim/memfile.dat'
INFO: [SIM-utils-43] Exported 'D:/Program Files/Verilog project/MIPS_Pipeline/MIPS_Pipeline.sim/sim_1/behav/xsim/memfileIO.dat'
INFO: [USF-XSim-97] Finding global include files...
INFO: [USF-XSim-98] Fetching design files from 'sim_1'...
INFO: [USF-XSim-2] XSim::Compile design
INFO: [USF-XSim-61] Executing 'COMPILE and ANALYZE' step in 'D:/Program Files/Verilog project/MIPS_Pipeline/MIPS_Pipeline.sim/sim_1/behav/xsim'
"xvlog --incr --relax -prj test_vlog.prj"
INFO: [USF-XSim-69] 'compile' step finished in '1' seconds
INFO: [USF-XSim-3] XSim::Elaborate design
INFO: [USF-XSim-61] Executing 'ELABORATE' step in 'D:/Program Files/Verilog project/MIPS_Pipeline/MIPS_Pipeline.sim/sim_1/behav/xsim'
"xelab -wto ed87dbd874c94f3b9ef540fdcde7d6e8 --incr --debug typical --relax --mt 2 -L xil_defaultlib -L unisims_ver -L unimacro_ver -L secureip --snapshot test_behav xil_defaultlib.test xil_defaultlib.glbl -log elaborate.log"
Vivado Simulator 2019.2
Copyright 1986-1999, 2001-2019 Xilinx, Inc. All Rights Reserved.
Running: D:/program/vivado/Vivado/2019.2/bin/unwrapped/win64.o/xelab.exe -wto ed87dbd874c94f3b9ef540fdcde7d6e8 --incr --debug typical --relax --mt 2 -L xil_defaultlib -L unisims_ver -L unimacro_ver -L secureip --snapshot test_behav xil_defaultlib.test xil_defaultlib.glbl -log elaborate.log 
Using 2 slave threads.
Starting static elaboration
Pass Through NonSizing Optimizer
WARNING: [VRFC 10-3091] actual bit length 5 differs from formal bit length 32 for port 'd0' [D:/Program Files/Verilog project/MIPS_Pipeline/MIPS_Pipeline.srcs/sources_1/imports/new/datapath.sv:117]
WARNING: [VRFC 10-3091] actual bit length 5 differs from formal bit length 32 for port 'd' [D:/Program Files/Verilog project/MIPS_Pipeline/MIPS_Pipeline.srcs/sources_1/imports/new/datapath.sv:127]
Completed static elaboration
INFO: [XSIM 43-4323] No Change in HDL. Linking previously generated obj files to create kernel
INFO: [USF-XSim-69] 'elaborate' step finished in '1' seconds
INFO: [USF-XSim-4] XSim::Simulate design
INFO: [USF-XSim-61] Executing 'SIMULATE' step in 'D:/Program Files/Verilog project/MIPS_Pipeline/MIPS_Pipeline.sim/sim_1/behav/xsim'
INFO: [USF-XSim-98] *** Running xsim
   with args "test_behav -key {Behavioral:sim_1:Functional:test} -tclbatch {test.tcl} -log {simulate.log}"
INFO: [USF-XSim-8] Loading simulator feature
Vivado Simulator 2019.2
Time resolution is 1 ps
source test.tcl
# set curr_wave [current_wave_config]
# if { [string length $curr_wave] == 0 } {
#   if { [llength [get_objects]] > 0} {
#     add_wave /
#     set_property needs_save false [current_wave_config]
#   } else {
#      send_msg_id Add_Wave-1 WARNING "No top level signals found. Simulator will start without a wave window. If you want to open a wave window go to 'File->New Waveform Configuration' or type 'create_wave_config' in the TCL console."
#   }
# }
# run 1000ns
INFO: [USF-XSim-96] XSim completed. Design snapshot 'test_behav' loaded.
INFO: [USF-XSim-97] XSim simulation ran for 1000ns
launch_simulation: Time (s): cpu = 00:00:07 ; elapsed = 00:00:06 . Memory (MB): peak = 833.875 ; gain = 0.000
close_sim
INFO: [Simtcl 6-16] Simulation closed
open_project {D:/Program Files/Verilog project/MIPS_MultiCycle/MIPS_MultiCycle.xpr}
Scanning sources...
Finished scanning sources
INFO: [IP_Flow 19-234] Refreshing IP repositories
INFO: [IP_Flow 19-1704] No user IP repositories specified
INFO: [IP_Flow 19-2313] Loaded Vivado IP repository 'D:/program/vivado/Vivado/2019.2/data/ip'.
update_compile_order -fileset sources_1
current_project MIPS_Pipeline
reset_simulation -simset sim_1 -mode behavioral
INFO: [Vivado 12-2266] Removing simulation data...
INFO: [Vivado 12-2267] Reset complete
launch_simulation
Command: launch_simulation 
INFO: [Vivado 12-5682] Launching behavioral simulation in 'D:/Program Files/Verilog project/MIPS_Pipeline/MIPS_Pipeline.sim/sim_1/behav/xsim'
INFO: [SIM-utils-51] Simulation object is 'sim_1'
INFO: [SIM-utils-54] Inspecting design source files for 'test' in fileset 'sim_1'...
INFO: [SIM-utils-43] Exported 'D:/Program Files/Verilog project/MIPS_Pipeline/MIPS_Pipeline.sim/sim_1/behav/xsim/memfileIO.dat'
INFO: [SIM-utils-43] Exported 'D:/Program Files/Verilog project/MIPS_Pipeline/MIPS_Pipeline.sim/sim_1/behav/xsim/memfile.dat'
INFO: [SIM-utils-43] Exported 'D:/Program Files/Verilog project/MIPS_Pipeline/MIPS_Pipeline.sim/sim_1/behav/xsim/memfile.dat'
INFO: [SIM-utils-43] Exported 'D:/Program Files/Verilog project/MIPS_Pipeline/MIPS_Pipeline.sim/sim_1/behav/xsim/memfileIO.dat'
INFO: [USF-XSim-97] Finding global include files...
INFO: [USF-XSim-98] Fetching design files from 'sim_1'...
INFO: [USF-XSim-2] XSim::Compile design
INFO: [USF-XSim-61] Executing 'COMPILE and ANALYZE' step in 'D:/Program Files/Verilog project/MIPS_Pipeline/MIPS_Pipeline.sim/sim_1/behav/xsim'
"xvlog --incr --relax -prj test_vlog.prj"
INFO: [VRFC 10-2263] Analyzing SystemVerilog file "D:/Program Files/Verilog project/MIPS_Pipeline/MIPS_Pipeline.srcs/sources_1/imports/new/Hex7Seg.sv" into library xil_defaultlib
INFO: [VRFC 10-311] analyzing module Hex7Seg
INFO: [VRFC 10-2458] undeclared symbol AN, assumed default net type wire [D:/Program Files/Verilog project/MIPS_Pipeline/MIPS_Pipeline.srcs/sources_1/imports/new/Hex7Seg.sv:28]
INFO: [VRFC 10-2263] Analyzing SystemVerilog file "D:/Program Files/Verilog project/MIPS_Pipeline/MIPS_Pipeline.srcs/sources_1/imports/new/IO.sv" into library xil_defaultlib
INFO: [VRFC 10-311] analyzing module IO
INFO: [VRFC 10-2263] Analyzing SystemVerilog file "D:/Program Files/Verilog project/MIPS_Pipeline/MIPS_Pipeline.srcs/sources_1/imports/new/adder.sv" into library xil_defaultlib
INFO: [VRFC 10-311] analyzing module adder
INFO: [VRFC 10-2263] Analyzing SystemVerilog file "D:/Program Files/Verilog project/MIPS_Pipeline/MIPS_Pipeline.srcs/sources_1/imports/new/al2.sv" into library xil_defaultlib
INFO: [VRFC 10-311] analyzing module sl2
INFO: [VRFC 10-2263] Analyzing SystemVerilog file "D:/Program Files/Verilog project/MIPS_Pipeline/MIPS_Pipeline.srcs/sources_1/imports/new/alu.sv" into library xil_defaultlib
INFO: [VRFC 10-311] analyzing module alu
INFO: [VRFC 10-2263] Analyzing SystemVerilog file "D:/Program Files/Verilog project/MIPS_Pipeline/MIPS_Pipeline.srcs/sources_1/imports/new/aludec.sv" into library xil_defaultlib
INFO: [VRFC 10-311] analyzing module aludec
INFO: [VRFC 10-2263] Analyzing SystemVerilog file "D:/Program Files/Verilog project/MIPS_Pipeline/MIPS_Pipeline.srcs/sources_1/imports/new/controller.sv" into library xil_defaultlib
INFO: [VRFC 10-311] analyzing module controller
INFO: [VRFC 10-2263] Analyzing SystemVerilog file "D:/Program Files/Verilog project/MIPS_Pipeline/MIPS_Pipeline.srcs/sources_1/imports/new/dMemoryDecoder.sv" into library xil_defaultlib
INFO: [VRFC 10-311] analyzing module dMemoryDecoder
INFO: [VRFC 10-2263] Analyzing SystemVerilog file "D:/Program Files/Verilog project/MIPS_Pipeline/MIPS_Pipeline.srcs/sources_1/imports/new/datapath.sv" into library xil_defaultlib
INFO: [VRFC 10-311] analyzing module datapath
INFO: [VRFC 10-2458] undeclared symbol flushD, assumed default net type wire [D:/Program Files/Verilog project/MIPS_Pipeline/MIPS_Pipeline.srcs/sources_1/imports/new/datapath.sv:82]
INFO: [VRFC 10-2263] Analyzing SystemVerilog file "D:/Program Files/Verilog project/MIPS_Pipeline/MIPS_Pipeline.srcs/sources_1/imports/new/dmem.sv" into library xil_defaultlib
INFO: [VRFC 10-311] analyzing module dmem
INFO: [VRFC 10-2263] Analyzing SystemVerilog file "D:/Program Files/Verilog project/MIPS_Pipeline/MIPS_Pipeline.srcs/sources_1/new/eqcmp.sv" into library xil_defaultlib
INFO: [VRFC 10-311] analyzing module eqcmp
INFO: [VRFC 10-2263] Analyzing SystemVerilog file "D:/Program Files/Verilog project/MIPS_Pipeline/MIPS_Pipeline.srcs/sources_1/imports/new/flopr.sv" into library xil_defaultlib
INFO: [VRFC 10-311] analyzing module flopr
INFO: [VRFC 10-311] analyzing module floprc
INFO: [VRFC 10-311] analyzing module flopenr
INFO: [VRFC 10-311] analyzing module flopenrc
INFO: [VRFC 10-2263] Analyzing SystemVerilog file "D:/Program Files/Verilog project/MIPS_Pipeline/MIPS_Pipeline.srcs/sources_1/new/hazard.sv" into library xil_defaultlib
INFO: [VRFC 10-311] analyzing module hazard
INFO: [VRFC 10-2263] Analyzing SystemVerilog file "D:/Program Files/Verilog project/MIPS_Pipeline/MIPS_Pipeline.srcs/sources_1/imports/new/imem.sv" into library xil_defaultlib
INFO: [VRFC 10-311] analyzing module imem
INFO: [VRFC 10-2263] Analyzing SystemVerilog file "D:/Program Files/Verilog project/MIPS_Pipeline/MIPS_Pipeline.srcs/sources_1/imports/new/maindec.sv" into library xil_defaultlib
INFO: [VRFC 10-311] analyzing module maindec
INFO: [VRFC 10-2263] Analyzing SystemVerilog file "D:/Program Files/Verilog project/MIPS_Pipeline/MIPS_Pipeline.srcs/sources_1/imports/new/mips.sv" into library xil_defaultlib
INFO: [VRFC 10-311] analyzing module mips
INFO: [VRFC 10-2263] Analyzing SystemVerilog file "D:/Program Files/Verilog project/MIPS_Pipeline/MIPS_Pipeline.srcs/sources_1/imports/new/mux2.sv" into library xil_defaultlib
INFO: [VRFC 10-311] analyzing module mux2
INFO: [VRFC 10-311] analyzing module mux3
INFO: [VRFC 10-2263] Analyzing SystemVerilog file "D:/Program Files/Verilog project/MIPS_Pipeline/MIPS_Pipeline.srcs/sources_1/new/mux4.sv" into library xil_defaultlib
INFO: [VRFC 10-311] analyzing module mux4
INFO: [VRFC 10-2263] Analyzing SystemVerilog file "D:/Program Files/Verilog project/MIPS_Pipeline/MIPS_Pipeline.srcs/sources_1/imports/new/mux7Seg.sv" into library xil_defaultlib
INFO: [VRFC 10-311] analyzing module mux7Seg
INFO: [VRFC 10-2263] Analyzing SystemVerilog file "D:/Program Files/Verilog project/MIPS_Pipeline/MIPS_Pipeline.srcs/sources_1/imports/new/regfile.sv" into library xil_defaultlib
INFO: [VRFC 10-311] analyzing module regfile
INFO: [VRFC 10-2263] Analyzing SystemVerilog file "D:/Program Files/Verilog project/MIPS_Pipeline/MIPS_Pipeline.srcs/sources_1/imports/new/signext.sv" into library xil_defaultlib
INFO: [VRFC 10-311] analyzing module signext
INFO: [VRFC 10-2263] Analyzing SystemVerilog file "D:/Program Files/Verilog project/MIPS_Pipeline/MIPS_Pipeline.srcs/sources_1/imports/new/top.sv" into library xil_defaultlib
INFO: [VRFC 10-311] analyzing module top
INFO: [VRFC 10-2263] Analyzing SystemVerilog file "D:/Program Files/Verilog project/MIPS_Pipeline/MIPS_Pipeline.srcs/sources_1/imports/new/zeronext.sv" into library xil_defaultlib
INFO: [VRFC 10-311] analyzing module zeroext
INFO: [VRFC 10-2263] Analyzing SystemVerilog file "D:/Program Files/Verilog project/MIPS_Pans/MIPS_Pans.srcs/sim_1/imports/sim_1/test.sv" into library xil_defaultlib
INFO: [VRFC 10-311] analyzing module test
INFO: [VRFC 10-2263] Analyzing Verilog file "D:/Program Files/Verilog project/MIPS_Pipeline/MIPS_Pipeline.sim/sim_1/behav/xsim/glbl.v" into library xil_defaultlib
INFO: [VRFC 10-311] analyzing module glbl
INFO: [USF-XSim-69] 'compile' step finished in '1' seconds
INFO: [USF-XSim-3] XSim::Elaborate design
INFO: [USF-XSim-61] Executing 'ELABORATE' step in 'D:/Program Files/Verilog project/MIPS_Pipeline/MIPS_Pipeline.sim/sim_1/behav/xsim'
"xelab -wto ed87dbd874c94f3b9ef540fdcde7d6e8 --incr --debug typical --relax --mt 2 -L xil_defaultlib -L unisims_ver -L unimacro_ver -L secureip --snapshot test_behav xil_defaultlib.test xil_defaultlib.glbl -log elaborate.log"
Vivado Simulator 2019.2
Copyright 1986-1999, 2001-2019 Xilinx, Inc. All Rights Reserved.
Running: D:/program/vivado/Vivado/2019.2/bin/unwrapped/win64.o/xelab.exe -wto ed87dbd874c94f3b9ef540fdcde7d6e8 --incr --debug typical --relax --mt 2 -L xil_defaultlib -L unisims_ver -L unimacro_ver -L secureip --snapshot test_behav xil_defaultlib.test xil_defaultlib.glbl -log elaborate.log 
Using 2 slave threads.
Starting static elaboration
Pass Through NonSizing Optimizer
WARNING: [VRFC 10-3091] actual bit length 5 differs from formal bit length 32 for port 'd0' [D:/Program Files/Verilog project/MIPS_Pipeline/MIPS_Pipeline.srcs/sources_1/imports/new/datapath.sv:117]
WARNING: [VRFC 10-3091] actual bit length 5 differs from formal bit length 32 for port 'd' [D:/Program Files/Verilog project/MIPS_Pipeline/MIPS_Pipeline.srcs/sources_1/imports/new/datapath.sv:127]
Completed static elaboration
Starting simulation data flow analysis
Completed simulation data flow analysis
Time Resolution for simulation is 1ps
Compiling module xil_defaultlib.imem
Compiling module xil_defaultlib.maindec
Compiling module xil_defaultlib.aludec
Compiling module xil_defaultlib.floprc
Compiling module xil_defaultlib.flopr(WIDTH=3)
Compiling module xil_defaultlib.flopr(WIDTH=2)
Compiling module xil_defaultlib.controller
Compiling module xil_defaultlib.hazard
Compiling module xil_defaultlib.mux2(WIDTH=32)
Compiling module xil_defaultlib.regfile
Compiling module xil_defaultlib.flopenr(WIDTH=32)
Compiling module xil_defaultlib.adder
Compiling module xil_defaultlib.flopenrc(WIDTH=32)
Compiling module xil_defaultlib.signext
Compiling module xil_defaultlib.zeroext
Compiling module xil_defaultlib.sl2
Compiling module xil_defaultlib.eqcmp
Compiling module xil_defaultlib.floprc(WIDTH=32)
Compiling module xil_defaultlib.floprc(WIDTH=5)
Compiling module xil_defaultlib.mux4
Compiling module xil_defaultlib.alu
Compiling module xil_defaultlib.flopr(WIDTH=32)
Compiling module xil_defaultlib.flopr(WIDTH=5)
Compiling module xil_defaultlib.datapath
Compiling module xil_defaultlib.mips
Compiling module xil_defaultlib.IO
Compiling module xil_defaultlib.dmem
Compiling module xil_defaultlib.Hex7Seg
Compiling module xil_defaultlib.mux7Seg
Compiling module xil_defaultlib.dMemoryDecoder
Compiling module xil_defaultlib.top
Compiling module xil_defaultlib.test
Compiling module xil_defaultlib.glbl
Built simulation snapshot test_behav

****** Webtalk v2019.2 (64-bit)
  **** SW Build 2708876 on Wed Nov  6 21:40:23 MST 2019
  **** IP Build 2700528 on Thu Nov  7 00:09:20 MST 2019
    ** Copyright 1986-2019 Xilinx, Inc. All Rights Reserved.

source D:/Program -notrace
couldn't read file "D:/Program": permission denied
INFO: [Common 17-206] Exiting Webtalk at Sat Apr  8 23:35:02 2023...
INFO: [USF-XSim-69] 'elaborate' step finished in '2' seconds
INFO: [USF-XSim-4] XSim::Simulate design
INFO: [USF-XSim-61] Executing 'SIMULATE' step in 'D:/Program Files/Verilog project/MIPS_Pipeline/MIPS_Pipeline.sim/sim_1/behav/xsim'
INFO: [USF-XSim-98] *** Running xsim
   with args "test_behav -key {Behavioral:sim_1:Functional:test} -tclbatch {test.tcl} -log {simulate.log}"
INFO: [USF-XSim-8] Loading simulator feature
Vivado Simulator 2019.2
Time resolution is 1 ps
source test.tcl
# set curr_wave [current_wave_config]
# if { [string length $curr_wave] == 0 } {
#   if { [llength [get_objects]] > 0} {
#     add_wave /
#     set_property needs_save false [current_wave_config]
#   } else {
#      send_msg_id Add_Wave-1 WARNING "No top level signals found. Simulator will start without a wave window. If you want to open a wave window go to 'File->New Waveform Configuration' or type 'create_wave_config' in the TCL console."
#   }
# }
# run 1000ns
INFO: [USF-XSim-96] XSim completed. Design snapshot 'test_behav' loaded.
INFO: [USF-XSim-97] XSim simulation ran for 1000ns
launch_simulation: Time (s): cpu = 00:00:04 ; elapsed = 00:00:06 . Memory (MB): peak = 887.188 ; gain = 6.594
current_project MIPS_MultiCycle
INFO: [Simtcl 6-16] Simulation closed
launch_simulation
Command: launch_simulation 
INFO: [Vivado 12-5682] Launching behavioral simulation in 'D:/Program Files/Verilog project/MIPS_MultiCycle/MIPS_MultiCycle.sim/sim_1/behav/xsim'
INFO: [SIM-utils-51] Simulation object is 'sim_1'
INFO: [SIM-utils-54] Inspecting design source files for 'test' in fileset 'sim_1'...
INFO: [SIM-utils-43] Exported 'D:/Program Files/Verilog project/MIPS_MultiCycle/MIPS_MultiCycle.sim/sim_1/behav/xsim/memfile.dat'
INFO: [SIM-utils-43] Exported 'D:/Program Files/Verilog project/MIPS_MultiCycle/MIPS_MultiCycle.sim/sim_1/behav/xsim/memfileIO.dat'
INFO: [SIM-utils-43] Exported 'D:/Program Files/Verilog project/MIPS_MultiCycle/MIPS_MultiCycle.sim/sim_1/behav/xsim/memfile.dat'
INFO: [SIM-utils-43] Exported 'D:/Program Files/Verilog project/MIPS_MultiCycle/MIPS_MultiCycle.sim/sim_1/behav/xsim/memfile.dat'
INFO: [USF-XSim-97] Finding global include files...
INFO: [USF-XSim-98] Fetching design files from 'sim_1'...
INFO: [USF-XSim-2] XSim::Compile design
INFO: [USF-XSim-61] Executing 'COMPILE and ANALYZE' step in 'D:/Program Files/Verilog project/MIPS_MultiCycle/MIPS_MultiCycle.sim/sim_1/behav/xsim'
"xvlog --incr --relax -prj test_vlog.prj"
INFO: [VRFC 10-2263] Analyzing SystemVerilog file "D:/Program Files/Verilog project/MIPS_MultiCycle/MIPS_MultiCycle.srcs/sources_1/imports/new/Hex7Seg.sv" into library xil_defaultlib
INFO: [VRFC 10-311] analyzing module Hex7Seg
INFO: [VRFC 10-2458] undeclared symbol AN, assumed default net type wire [D:/Program Files/Verilog project/MIPS_MultiCycle/MIPS_MultiCycle.srcs/sources_1/imports/new/Hex7Seg.sv:28]
INFO: [VRFC 10-2263] Analyzing SystemVerilog file "D:/Program Files/Verilog project/MIPS_MultiCycle/MIPS_MultiCycle.srcs/sources_1/imports/new/IO.sv" into library xil_defaultlib
INFO: [VRFC 10-311] analyzing module IO
INFO: [VRFC 10-2263] Analyzing SystemVerilog file "D:/Program Files/Verilog project/MIPS_MultiCycle/MIPS_MultiCycle.srcs/sources_1/imports/new/al2.sv" into library xil_defaultlib
INFO: [VRFC 10-311] analyzing module sl2
INFO: [VRFC 10-2263] Analyzing SystemVerilog file "D:/Program Files/Verilog project/MIPS_MultiCycle/MIPS_MultiCycle.srcs/sources_1/imports/new/alu.sv" into library xil_defaultlib
INFO: [VRFC 10-311] analyzing module alu
INFO: [VRFC 10-2263] Analyzing SystemVerilog file "D:/Program Files/Verilog project/MIPS_MultiCycle/MIPS_MultiCycle.srcs/sources_1/imports/new/aludec.sv" into library xil_defaultlib
INFO: [VRFC 10-311] analyzing module aludec
INFO: [VRFC 10-2263] Analyzing SystemVerilog file "D:/Program Files/Verilog project/MIPS_MultiCycle/MIPS_MultiCycle.srcs/sources_1/imports/new/controller.sv" into library xil_defaultlib
INFO: [VRFC 10-311] analyzing module controller
INFO: [VRFC 10-2263] Analyzing SystemVerilog file "D:/Program Files/Verilog project/MIPS_MultiCycle/MIPS_MultiCycle.srcs/sources_1/imports/new/dMemoryDecoder.sv" into library xil_defaultlib
INFO: [VRFC 10-311] analyzing module dMemoryDecoder
INFO: [VRFC 10-2263] Analyzing SystemVerilog file "D:/Program Files/Verilog project/MIPS_MultiCycle/MIPS_MultiCycle.srcs/sources_1/imports/new/datapath.sv" into library xil_defaultlib
INFO: [VRFC 10-311] analyzing module datapath
INFO: [VRFC 10-2263] Analyzing SystemVerilog file "D:/Program Files/Verilog project/MIPS_MultiCycle/MIPS_MultiCycle.srcs/sources_1/new/floprenr.sv" into library xil_defaultlib
INFO: [VRFC 10-311] analyzing module flopenr
INFO: [VRFC 10-2263] Analyzing SystemVerilog file "D:/Program Files/Verilog project/MIPS_MultiCycle/MIPS_MultiCycle.srcs/sources_1/imports/new/maindec.sv" into library xil_defaultlib
INFO: [VRFC 10-311] analyzing module maindec
INFO: [VRFC 10-2263] Analyzing SystemVerilog file "D:/Program Files/Verilog project/MIPS_MultiCycle/MIPS_MultiCycle.srcs/sources_1/new/mem.sv" into library xil_defaultlib
INFO: [VRFC 10-311] analyzing module mem
INFO: [VRFC 10-2263] Analyzing SystemVerilog file "D:/Program Files/Verilog project/MIPS_MultiCycle/MIPS_MultiCycle.srcs/sources_1/imports/new/mips.sv" into library xil_defaultlib
INFO: [VRFC 10-311] analyzing module mips
INFO: [VRFC 10-2263] Analyzing SystemVerilog file "D:/Program Files/Verilog project/MIPS_MultiCycle/MIPS_MultiCycle.srcs/sources_1/imports/new/mux2.sv" into library xil_defaultlib
INFO: [VRFC 10-311] analyzing module mux2
INFO: [VRFC 10-311] analyzing module mux3
INFO: [VRFC 10-2263] Analyzing SystemVerilog file "D:/Program Files/Verilog project/MIPS_MultiCycle/MIPS_MultiCycle.srcs/sources_1/new/mux4.sv" into library xil_defaultlib
INFO: [VRFC 10-311] analyzing module mux4
INFO: [VRFC 10-2263] Analyzing SystemVerilog file "D:/Program Files/Verilog project/MIPS_MultiCycle/MIPS_MultiCycle.srcs/sources_1/imports/new/mux7Seg.sv" into library xil_defaultlib
INFO: [VRFC 10-311] analyzing module mux7Seg
INFO: [VRFC 10-2263] Analyzing SystemVerilog file "D:/Program Files/Verilog project/MIPS_MultiCycle/MIPS_MultiCycle.srcs/sources_1/imports/new/regfile.sv" into library xil_defaultlib
INFO: [VRFC 10-311] analyzing module regfile
INFO: [VRFC 10-2263] Analyzing SystemVerilog file "D:/Program Files/Verilog project/MIPS_MultiCycle/MIPS_MultiCycle.srcs/sources_1/imports/new/signext.sv" into library xil_defaultlib
INFO: [VRFC 10-311] analyzing module signext
INFO: [VRFC 10-2263] Analyzing SystemVerilog file "D:/Program Files/Verilog project/MIPS_MultiCycle/MIPS_MultiCycle.srcs/sources_1/imports/new/top.sv" into library xil_defaultlib
INFO: [VRFC 10-311] analyzing module top
INFO: [VRFC 10-2263] Analyzing SystemVerilog file "D:/Program Files/Verilog project/MIPS_MultiCycle/MIPS_MultiCycle.srcs/sources_1/imports/new/test.sv" into library xil_defaultlib
INFO: [VRFC 10-311] analyzing module test
INFO: [USF-XSim-69] 'compile' step finished in '1' seconds
INFO: [USF-XSim-3] XSim::Elaborate design
INFO: [USF-XSim-61] Executing 'ELABORATE' step in 'D:/Program Files/Verilog project/MIPS_MultiCycle/MIPS_MultiCycle.sim/sim_1/behav/xsim'
"xelab -wto 23cb1d91c6c546cdb3de89716d0f39d7 --incr --debug typical --relax --mt 2 -L xil_defaultlib -L unisims_ver -L unimacro_ver -L secureip --snapshot test_behav xil_defaultlib.test xil_defaultlib.glbl -log elaborate.log"
Vivado Simulator 2019.2
Copyright 1986-1999, 2001-2019 Xilinx, Inc. All Rights Reserved.
Running: D:/program/vivado/Vivado/2019.2/bin/unwrapped/win64.o/xelab.exe -wto 23cb1d91c6c546cdb3de89716d0f39d7 --incr --debug typical --relax --mt 2 -L xil_defaultlib -L unisims_ver -L unimacro_ver -L secureip --snapshot test_behav xil_defaultlib.test xil_defaultlib.glbl -log elaborate.log 
Using 2 slave threads.
Starting static elaboration
Pass Through NonSizing Optimizer
Completed static elaboration
Starting simulation data flow analysis
Completed simulation data flow analysis
Time Resolution for simulation is 1ps
Compiling module xil_defaultlib.maindec
Compiling module xil_defaultlib.aludec
Compiling module xil_defaultlib.controller
Compiling module xil_defaultlib.flopenr(WIDTH=32)
Compiling module xil_defaultlib.mux2(WIDTH=32)
Compiling module xil_defaultlib.mux2(WIDTH=5)
Compiling module xil_defaultlib.regfile
Compiling module xil_defaultlib.signext
Compiling module xil_defaultlib.sl2
Compiling module xil_defaultlib.mux4
Compiling module xil_defaultlib.alu
Compiling module xil_defaultlib.mux3(WIDTH=32)
Compiling module xil_defaultlib.datapath
Compiling module xil_defaultlib.mips
Compiling module xil_defaultlib.IO
Compiling module xil_defaultlib.mem
Compiling module xil_defaultlib.Hex7Seg
Compiling module xil_defaultlib.mux7Seg
Compiling module xil_defaultlib.dMemoryDecoder
Compiling module xil_defaultlib.top
Compiling module xil_defaultlib.test
Compiling module xil_defaultlib.glbl
Built simulation snapshot test_behav

****** Webtalk v2019.2 (64-bit)
  **** SW Build 2708876 on Wed Nov  6 21:40:23 MST 2019
  **** IP Build 2700528 on Thu Nov  7 00:09:20 MST 2019
    ** Copyright 1986-2019 Xilinx, Inc. All Rights Reserved.

source D:/Program -notrace
couldn't read file "D:/Program": permission denied
INFO: [Common 17-206] Exiting Webtalk at Sat Apr  8 23:35:38 2023...
INFO: [USF-XSim-69] 'elaborate' step finished in '2' seconds
INFO: [USF-XSim-4] XSim::Simulate design
INFO: [USF-XSim-61] Executing 'SIMULATE' step in 'D:/Program Files/Verilog project/MIPS_MultiCycle/MIPS_MultiCycle.sim/sim_1/behav/xsim'
INFO: [USF-XSim-98] *** Running xsim
   with args "test_behav -key {Behavioral:sim_1:Functional:test} -tclbatch {test.tcl} -view {{D:/Program Files/Verilog project/MIPS_MultiCycle/testbench_behav.wcfg}} -log {simulate.log}"
INFO: [USF-XSim-8] Loading simulator feature
Vivado Simulator 2019.2
Time resolution is 1 ps
open_wave_config {D:/Program Files/Verilog project/MIPS_MultiCycle/testbench_behav.wcfg}
WARNING: Simulation object /testbench/clk was not found in the design.
WARNING: Simulation object /testbench/reset was not found in the design.
WARNING: Simulation object /testbench/writedata was not found in the design.
WARNING: Simulation object /testbench/adr was not found in the design.
WARNING: Simulation object /testbench/memwrite was not found in the design.
source test.tcl
# set curr_wave [current_wave_config]
# if { [string length $curr_wave] == 0 } {
#   if { [llength [get_objects]] > 0} {
#     add_wave /
#     set_property needs_save false [current_wave_config]
#   } else {
#      send_msg_id Add_Wave-1 WARNING "No top level signals found. Simulator will start without a wave window. If you want to open a wave window go to 'File->New Waveform Configuration' or type 'create_wave_config' in the TCL console."
#   }
# }
# run 1000ns
WARNING: 0ns : none of the conditions were true for unique case from File:D:/Program Files/Verilog project/MIPS_MultiCycle/MIPS_MultiCycle.srcs/sources_1/new/mux4.sv:29
WARNING: 0ns : none of the conditions were true for unique case from File:D:/Program Files/Verilog project/MIPS_MultiCycle/MIPS_MultiCycle.srcs/sources_1/new/mux4.sv:29
INFO: [USF-XSim-96] XSim completed. Design snapshot 'test_behav' loaded.
INFO: [USF-XSim-97] XSim simulation ran for 1000ns
launch_simulation: Time (s): cpu = 00:00:04 ; elapsed = 00:00:05 . Memory (MB): peak = 888.887 ; gain = 1.699
current_project MIPS_Pipeline
INFO: [Simtcl 6-16] Simulation closed
launch_simulation
Command: launch_simulation 
INFO: [Vivado 12-5682] Launching behavioral simulation in 'D:/Program Files/Verilog project/MIPS_Pipeline/MIPS_Pipeline.sim/sim_1/behav/xsim'
INFO: [SIM-utils-51] Simulation object is 'sim_1'
INFO: [SIM-utils-54] Inspecting design source files for 'test' in fileset 'sim_1'...
INFO: [SIM-utils-43] Exported 'D:/Program Files/Verilog project/MIPS_Pipeline/MIPS_Pipeline.sim/sim_1/behav/xsim/memfileIO.dat'
INFO: [SIM-utils-43] Exported 'D:/Program Files/Verilog project/MIPS_Pipeline/MIPS_Pipeline.sim/sim_1/behav/xsim/memfile.dat'
INFO: [SIM-utils-43] Exported 'D:/Program Files/Verilog project/MIPS_Pipeline/MIPS_Pipeline.sim/sim_1/behav/xsim/memfile.dat'
INFO: [SIM-utils-43] Exported 'D:/Program Files/Verilog project/MIPS_Pipeline/MIPS_Pipeline.sim/sim_1/behav/xsim/memfileIO.dat'
INFO: [USF-XSim-97] Finding global include files...
INFO: [USF-XSim-98] Fetching design files from 'sim_1'...
INFO: [USF-XSim-2] XSim::Compile design
INFO: [USF-XSim-61] Executing 'COMPILE and ANALYZE' step in 'D:/Program Files/Verilog project/MIPS_Pipeline/MIPS_Pipeline.sim/sim_1/behav/xsim'
"xvlog --incr --relax -prj test_vlog.prj"
INFO: [USF-XSim-69] 'compile' step finished in '1' seconds
INFO: [USF-XSim-3] XSim::Elaborate design
INFO: [USF-XSim-61] Executing 'ELABORATE' step in 'D:/Program Files/Verilog project/MIPS_Pipeline/MIPS_Pipeline.sim/sim_1/behav/xsim'
"xelab -wto ed87dbd874c94f3b9ef540fdcde7d6e8 --incr --debug typical --relax --mt 2 -L xil_defaultlib -L unisims_ver -L unimacro_ver -L secureip --snapshot test_behav xil_defaultlib.test xil_defaultlib.glbl -log elaborate.log"
Vivado Simulator 2019.2
Copyright 1986-1999, 2001-2019 Xilinx, Inc. All Rights Reserved.
Running: D:/program/vivado/Vivado/2019.2/bin/unwrapped/win64.o/xelab.exe -wto ed87dbd874c94f3b9ef540fdcde7d6e8 --incr --debug typical --relax --mt 2 -L xil_defaultlib -L unisims_ver -L unimacro_ver -L secureip --snapshot test_behav xil_defaultlib.test xil_defaultlib.glbl -log elaborate.log 
Using 2 slave threads.
Starting static elaboration
Pass Through NonSizing Optimizer
WARNING: [VRFC 10-3091] actual bit length 5 differs from formal bit length 32 for port 'd0' [D:/Program Files/Verilog project/MIPS_Pipeline/MIPS_Pipeline.srcs/sources_1/imports/new/datapath.sv:117]
WARNING: [VRFC 10-3091] actual bit length 5 differs from formal bit length 32 for port 'd' [D:/Program Files/Verilog project/MIPS_Pipeline/MIPS_Pipeline.srcs/sources_1/imports/new/datapath.sv:127]
Completed static elaboration
INFO: [XSIM 43-4323] No Change in HDL. Linking previously generated obj files to create kernel
INFO: [USF-XSim-69] 'elaborate' step finished in '1' seconds
INFO: [USF-XSim-4] XSim::Simulate design
INFO: [USF-XSim-61] Executing 'SIMULATE' step in 'D:/Program Files/Verilog project/MIPS_Pipeline/MIPS_Pipeline.sim/sim_1/behav/xsim'
INFO: [USF-XSim-98] *** Running xsim
   with args "test_behav -key {Behavioral:sim_1:Functional:test} -tclbatch {test.tcl} -log {simulate.log}"
INFO: [USF-XSim-8] Loading simulator feature
Vivado Simulator 2019.2
Time resolution is 1 ps
source test.tcl
# set curr_wave [current_wave_config]
# if { [string length $curr_wave] == 0 } {
#   if { [llength [get_objects]] > 0} {
#     add_wave /
#     set_property needs_save false [current_wave_config]
#   } else {
#      send_msg_id Add_Wave-1 WARNING "No top level signals found. Simulator will start without a wave window. If you want to open a wave window go to 'File->New Waveform Configuration' or type 'create_wave_config' in the TCL console."
#   }
# }
# run 1000ns
INFO: [USF-XSim-96] XSim completed. Design snapshot 'test_behav' loaded.
INFO: [USF-XSim-97] XSim simulation ran for 1000ns
current_wave_config {Untitled 3}
Untitled 3
add_wave {{/test/dut/dmd/led1}} 
restart
INFO: [Simtcl 6-17] Simulation restarted
run 10 us
reset_run impl_1 -prev_step 
launch_runs impl_1 -to_step write_bitstream -jobs 4
[Sat Apr  8 23:36:47 2023] Launched impl_1...
Run output will be captured here: D:/Program Files/Verilog project/MIPS_Pipeline/MIPS_Pipeline.runs/impl_1/runme.log
open_run impl_1
INFO: [Device 21-403] Loading part xc7a100tcsg324-1
Netlist sorting complete. Time (s): cpu = 00:00:00 ; elapsed = 00:00:00.018 . Memory (MB): peak = 1242.098 ; gain = 0.000
INFO: [Netlist 29-17] Analyzing 78 Unisim elements for replacement
INFO: [Netlist 29-28] Unisim Transformation completed in 0 CPU seconds
INFO: [Project 1-479] Netlist was created with Vivado 2019.2
INFO: [Project 1-570] Preparing netlist for logic optimization
INFO: [Timing 38-478] Restoring timing data from binary archive.
INFO: [Timing 38-479] Binary timing data restore complete.
INFO: [Project 1-856] Restoring constraints from binary archive.
INFO: [Project 1-853] Binary constraint restore complete.
Reading XDEF placement.
Reading placer database...
Reading XDEF routing.
Read XDEF File: Time (s): cpu = 00:00:00 ; elapsed = 00:00:00.095 . Memory (MB): peak = 1923.832 ; gain = 0.000
Restored from archive | CPU: 0.000000 secs | Memory: 0.000000 MB |
Finished XDEF File Restore: Time (s): cpu = 00:00:00 ; elapsed = 00:00:00.095 . Memory (MB): peak = 1923.832 ; gain = 0.000
Netlist sorting complete. Time (s): cpu = 00:00:00 ; elapsed = 00:00:00.001 . Memory (MB): peak = 1923.832 ; gain = 0.000
INFO: [Project 1-111] Unisim Transformation Summary:
  A total of 44 instances were transformed.
  RAM256X1S => RAM256X1S (MUXF7(x2), MUXF8, RAMS64E(x4)): 32 instances
  RAM32M => RAM32M (inverted pins: WCLK) (RAMD32(x6), RAMS32(x2)): 12 instances

open_run: Time (s): cpu = 00:00:21 ; elapsed = 00:00:15 . Memory (MB): peak = 2074.527 ; gain = 1113.777
CRITICAL WARNING: [Timing 38-282] The design failed to meet the timing requirements. Please see the timing summary report for details on the timing violations.
open_hw_manager
connect_hw_server -allow_non_jtag
INFO: [Labtools 27-2285] Connecting to hw_server url TCP:localhost:3121
INFO: [Labtools 27-2222] Launching hw_server...
INFO: [Labtools 27-2221] Launch Output:

****** Xilinx hw_server v2019.2
  **** Build date : Nov  6 2019 at 22:12:23
    ** Copyright 1986-2019 Xilinx, Inc. All Rights Reserved.


INFO: [Labtools 27-3415] Connecting to cs_server url TCP:localhost:3042
INFO: [Labtools 27-3417] Launching cs_server...
INFO: [Labtools 27-2221] Launch Output:


****** Xilinx cs_server v2019.2.0
  **** Build date : Nov 07 2019-13:28:22
    ** Copyright 2017-2019 Xilinx, Inc. All Rights Reserved.



connect_hw_server: Time (s): cpu = 00:00:01 ; elapsed = 00:00:06 . Memory (MB): peak = 2074.527 ; gain = 0.000
open_hw_target
INFO: [Labtoolstcl 44-466] Opening hw_target localhost:3121/xilinx_tcf/Digilent/210292710315A
set_property PROGRAM.FILE {D:/Program Files/Verilog project/MIPS_Pipeline/MIPS_Pipeline.runs/impl_1/top.bit} [get_hw_devices xc7a100t_0]
current_hw_device [get_hw_devices xc7a100t_0]
refresh_hw_device -update_hw_probes false [lindex [get_hw_devices xc7a100t_0] 0]
INFO: [Labtools 27-1434] Device xc7a100t (JTAG device index = 0) is programmed with a design that has no supported debug core(s) in it.
set_property PROBES.FILE {} [get_hw_devices xc7a100t_0]
set_property FULL_PROBES.FILE {} [get_hw_devices xc7a100t_0]
set_property PROGRAM.FILE {D:/Program Files/Verilog project/MIPS_Pipeline/MIPS_Pipeline.runs/impl_1/top.bit} [get_hw_devices xc7a100t_0]
program_hw_devices [get_hw_devices xc7a100t_0]
INFO: [Labtools 27-3164] End of startup status: HIGH
refresh_hw_device [lindex [get_hw_devices xc7a100t_0] 0]
INFO: [Labtools 27-1434] Device xc7a100t (JTAG device index = 0) is programmed with a design that has no supported debug core(s) in it.
update_compile_order -fileset sources_1
close_sim
INFO: [Simtcl 6-16] Simulation closed
launch_simulation
Command: launch_simulation 
INFO: [Vivado 12-5682] Launching behavioral simulation in 'D:/Program Files/Verilog project/MIPS_Pipeline/MIPS_Pipeline.sim/sim_1/behav/xsim'
INFO: [SIM-utils-51] Simulation object is 'sim_1'
INFO: [SIM-utils-54] Inspecting design source files for 'test' in fileset 'sim_1'...
INFO: [SIM-utils-43] Exported 'D:/Program Files/Verilog project/MIPS_Pipeline/MIPS_Pipeline.sim/sim_1/behav/xsim/memfileIO.dat'
INFO: [SIM-utils-43] Exported 'D:/Program Files/Verilog project/MIPS_Pipeline/MIPS_Pipeline.sim/sim_1/behav/xsim/memfile.dat'
INFO: [SIM-utils-43] Exported 'D:/Program Files/Verilog project/MIPS_Pipeline/MIPS_Pipeline.sim/sim_1/behav/xsim/memfile.dat'
INFO: [SIM-utils-43] Exported 'D:/Program Files/Verilog project/MIPS_Pipeline/MIPS_Pipeline.sim/sim_1/behav/xsim/memfileIO.dat'
INFO: [USF-XSim-97] Finding global include files...
INFO: [USF-XSim-98] Fetching design files from 'sim_1'...
INFO: [USF-XSim-2] XSim::Compile design
INFO: [USF-XSim-61] Executing 'COMPILE and ANALYZE' step in 'D:/Program Files/Verilog project/MIPS_Pipeline/MIPS_Pipeline.sim/sim_1/behav/xsim'
"xvlog --incr --relax -prj test_vlog.prj"
INFO: [VRFC 10-2263] Analyzing SystemVerilog file "D:/Program Files/Verilog project/MIPS_Pipeline/MIPS_Pipeline.srcs/sources_1/imports/new/adder.sv" into library xil_defaultlib
INFO: [VRFC 10-311] analyzing module adder
INFO: [VRFC 10-2263] Analyzing SystemVerilog file "D:/Program Files/Verilog project/MIPS_Pipeline/MIPS_Pipeline.srcs/sources_1/imports/new/al2.sv" into library xil_defaultlib
INFO: [VRFC 10-311] analyzing module sl2
INFO: [VRFC 10-2263] Analyzing SystemVerilog file "D:/Program Files/Verilog project/MIPS_Pipeline/MIPS_Pipeline.srcs/sources_1/imports/new/alu.sv" into library xil_defaultlib
INFO: [VRFC 10-311] analyzing module alu
INFO: [VRFC 10-2263] Analyzing SystemVerilog file "D:/Program Files/Verilog project/MIPS_Pipeline/MIPS_Pipeline.srcs/sources_1/imports/new/aludec.sv" into library xil_defaultlib
INFO: [VRFC 10-311] analyzing module aludec
INFO: [VRFC 10-2263] Analyzing SystemVerilog file "D:/Program Files/Verilog project/MIPS_Pipeline/MIPS_Pipeline.srcs/sources_1/imports/new/controller.sv" into library xil_defaultlib
INFO: [VRFC 10-311] analyzing module controller
INFO: [VRFC 10-2263] Analyzing SystemVerilog file "D:/Program Files/Verilog project/MIPS_Pipeline/MIPS_Pipeline.srcs/sources_1/imports/new/datapath.sv" into library xil_defaultlib
INFO: [VRFC 10-311] analyzing module datapath
INFO: [VRFC 10-2458] undeclared symbol flushD, assumed default net type wire [D:/Program Files/Verilog project/MIPS_Pipeline/MIPS_Pipeline.srcs/sources_1/imports/new/datapath.sv:82]
INFO: [VRFC 10-2263] Analyzing SystemVerilog file "D:/Program Files/Verilog project/MIPS_Pipeline/MIPS_Pipeline.srcs/sources_1/imports/new/dmem.sv" into library xil_defaultlib
INFO: [VRFC 10-311] analyzing module dmem
INFO: [VRFC 10-2263] Analyzing SystemVerilog file "D:/Program Files/Verilog project/MIPS_Pipeline/MIPS_Pipeline.srcs/sources_1/new/eqcmp.sv" into library xil_defaultlib
INFO: [VRFC 10-311] analyzing module eqcmp
INFO: [VRFC 10-2263] Analyzing SystemVerilog file "D:/Program Files/Verilog project/MIPS_Pipeline/MIPS_Pipeline.srcs/sources_1/imports/new/flopr.sv" into library xil_defaultlib
INFO: [VRFC 10-311] analyzing module flopr
INFO: [VRFC 10-311] analyzing module floprc
INFO: [VRFC 10-311] analyzing module flopenr
INFO: [VRFC 10-311] analyzing module flopenrc
INFO: [VRFC 10-2263] Analyzing SystemVerilog file "D:/Program Files/Verilog project/MIPS_Pipeline/MIPS_Pipeline.srcs/sources_1/new/hazard.sv" into library xil_defaultlib
INFO: [VRFC 10-311] analyzing module hazard
INFO: [VRFC 10-2263] Analyzing SystemVerilog file "D:/Program Files/Verilog project/MIPS_Pipeline/MIPS_Pipeline.srcs/sources_1/imports/new/imem.sv" into library xil_defaultlib
INFO: [VRFC 10-311] analyzing module imem
INFO: [VRFC 10-2263] Analyzing SystemVerilog file "D:/Program Files/Verilog project/MIPS_Pipeline/MIPS_Pipeline.srcs/sources_1/imports/new/maindec.sv" into library xil_defaultlib
INFO: [VRFC 10-311] analyzing module maindec
INFO: [VRFC 10-2263] Analyzing SystemVerilog file "D:/Program Files/Verilog project/MIPS_Pipeline/MIPS_Pipeline.srcs/sources_1/imports/new/mips.sv" into library xil_defaultlib
INFO: [VRFC 10-311] analyzing module mips
INFO: [VRFC 10-2263] Analyzing SystemVerilog file "D:/Program Files/Verilog project/MIPS_Pipeline/MIPS_Pipeline.srcs/sources_1/imports/new/mux2.sv" into library xil_defaultlib
INFO: [VRFC 10-311] analyzing module mux2
INFO: [VRFC 10-311] analyzing module mux3
INFO: [VRFC 10-2263] Analyzing SystemVerilog file "D:/Program Files/Verilog project/MIPS_Pipeline/MIPS_Pipeline.srcs/sources_1/new/mux4.sv" into library xil_defaultlib
INFO: [VRFC 10-311] analyzing module mux4
INFO: [VRFC 10-2263] Analyzing SystemVerilog file "D:/Program Files/Verilog project/MIPS_Pipeline/MIPS_Pipeline.srcs/sources_1/imports/new/regfile.sv" into library xil_defaultlib
INFO: [VRFC 10-311] analyzing module regfile
INFO: [VRFC 10-2263] Analyzing SystemVerilog file "D:/Program Files/Verilog project/MIPS_Pipeline/MIPS_Pipeline.srcs/sources_1/imports/new/signext.sv" into library xil_defaultlib
INFO: [VRFC 10-311] analyzing module signext
INFO: [VRFC 10-2263] Analyzing SystemVerilog file "D:/Program Files/Verilog project/MIPS_Pipeline/MIPS_Pipeline.srcs/sources_1/imports/new/top.sv" into library xil_defaultlib
INFO: [VRFC 10-311] analyzing module top
INFO: [VRFC 10-2263] Analyzing SystemVerilog file "D:/Program Files/Verilog project/MIPS_Pipeline/MIPS_Pipeline.srcs/sources_1/imports/new/zeronext.sv" into library xil_defaultlib
INFO: [VRFC 10-311] analyzing module zeroext
INFO: [VRFC 10-2263] Analyzing SystemVerilog file "D:/Program Files/Verilog project/MIPS_Pans/MIPS_Pans.srcs/sim_1/imports/sim_1/test.sv" into library xil_defaultlib
INFO: [VRFC 10-311] analyzing module test
INFO: [USF-XSim-69] 'compile' step finished in '1' seconds
INFO: [USF-XSim-3] XSim::Elaborate design
INFO: [USF-XSim-61] Executing 'ELABORATE' step in 'D:/Program Files/Verilog project/MIPS_Pipeline/MIPS_Pipeline.sim/sim_1/behav/xsim'
"xelab -wto ed87dbd874c94f3b9ef540fdcde7d6e8 --incr --debug typical --relax --mt 2 -L xil_defaultlib -L unisims_ver -L unimacro_ver -L secureip --snapshot test_behav xil_defaultlib.test xil_defaultlib.glbl -log elaborate.log"
Vivado Simulator 2019.2
Copyright 1986-1999, 2001-2019 Xilinx, Inc. All Rights Reserved.
Running: D:/program/vivado/Vivado/2019.2/bin/unwrapped/win64.o/xelab.exe -wto ed87dbd874c94f3b9ef540fdcde7d6e8 --incr --debug typical --relax --mt 2 -L xil_defaultlib -L unisims_ver -L unimacro_ver -L secureip --snapshot test_behav xil_defaultlib.test xil_defaultlib.glbl -log elaborate.log 
Using 2 slave threads.
Starting static elaboration
Pass Through NonSizing Optimizer
WARNING: [VRFC 10-3091] actual bit length 5 differs from formal bit length 32 for port 'd0' [D:/Program Files/Verilog project/MIPS_Pipeline/MIPS_Pipeline.srcs/sources_1/imports/new/datapath.sv:117]
WARNING: [VRFC 10-3091] actual bit length 5 differs from formal bit length 32 for port 'd' [D:/Program Files/Verilog project/MIPS_Pipeline/MIPS_Pipeline.srcs/sources_1/imports/new/datapath.sv:127]
Completed static elaboration
Starting simulation data flow analysis
Completed simulation data flow analysis
Time Resolution for simulation is 1ps
Compiling module xil_defaultlib.maindec
Compiling module xil_defaultlib.aludec
Compiling module xil_defaultlib.floprc
Compiling module xil_defaultlib.flopr(WIDTH=3)
Compiling module xil_defaultlib.flopr(WIDTH=2)
Compiling module xil_defaultlib.controller
Compiling module xil_defaultlib.hazard
Compiling module xil_defaultlib.mux2(WIDTH=32)
Compiling module xil_defaultlib.regfile
Compiling module xil_defaultlib.flopenr(WIDTH=32)
Compiling module xil_defaultlib.adder
Compiling module xil_defaultlib.flopenrc(WIDTH=32)
Compiling module xil_defaultlib.signext
Compiling module xil_defaultlib.zeroext
Compiling module xil_defaultlib.sl2
Compiling module xil_defaultlib.eqcmp
Compiling module xil_defaultlib.floprc(WIDTH=32)
Compiling module xil_defaultlib.floprc(WIDTH=5)
Compiling module xil_defaultlib.mux4
Compiling module xil_defaultlib.alu
Compiling module xil_defaultlib.flopr(WIDTH=32)
Compiling module xil_defaultlib.flopr(WIDTH=5)
Compiling module xil_defaultlib.datapath
Compiling module xil_defaultlib.mips
Compiling module xil_defaultlib.imem
Compiling module xil_defaultlib.dmem
Compiling module xil_defaultlib.top
Compiling module xil_defaultlib.test
Compiling module xil_defaultlib.glbl
Built simulation snapshot test_behav
INFO: [USF-XSim-69] 'elaborate' step finished in '1' seconds
INFO: [USF-XSim-4] XSim::Simulate design
INFO: [USF-XSim-61] Executing 'SIMULATE' step in 'D:/Program Files/Verilog project/MIPS_Pipeline/MIPS_Pipeline.sim/sim_1/behav/xsim'
INFO: [USF-XSim-98] *** Running xsim
   with args "test_behav -key {Behavioral:sim_1:Functional:test} -tclbatch {test.tcl} -log {simulate.log}"
INFO: [USF-XSim-8] Loading simulator feature
Vivado Simulator 2019.2
Time resolution is 1 ps
source test.tcl
# set curr_wave [current_wave_config]
# if { [string length $curr_wave] == 0 } {
#   if { [llength [get_objects]] > 0} {
#     add_wave /
#     set_property needs_save false [current_wave_config]
#   } else {
#      send_msg_id Add_Wave-1 WARNING "No top level signals found. Simulator will start without a wave window. If you want to open a wave window go to 'File->New Waveform Configuration' or type 'create_wave_config' in the TCL console."
#   }
# }
# run 1000ns
Simulation failed
$stop called at time : 225 ns : File "D:/Program Files/Verilog project/MIPS_Pans/MIPS_Pans.srcs/sim_1/imports/sim_1/test.sv" Line 53
INFO: [USF-XSim-96] XSim completed. Design snapshot 'test_behav' loaded.
INFO: [USF-XSim-97] XSim simulation ran for 1000ns
launch_simulation: Time (s): cpu = 00:00:05 ; elapsed = 00:00:06 . Memory (MB): peak = 3720.996 ; gain = 0.000
close_sim
INFO: [Simtcl 6-16] Simulation closed
close_project
launch_simulation
Command: launch_simulation 
INFO: [Vivado 12-5682] Launching behavioral simulation in 'D:/Program Files/Verilog project/MIPS_MultiCycle/MIPS_MultiCycle.sim/sim_1/behav/xsim'
INFO: [SIM-utils-51] Simulation object is 'sim_1'
INFO: [SIM-utils-54] Inspecting design source files for 'test' in fileset 'sim_1'...
INFO: [SIM-utils-43] Exported 'D:/Program Files/Verilog project/MIPS_MultiCycle/MIPS_MultiCycle.sim/sim_1/behav/xsim/memfile.dat'
INFO: [SIM-utils-43] Exported 'D:/Program Files/Verilog project/MIPS_MultiCycle/MIPS_MultiCycle.sim/sim_1/behav/xsim/memfileIO.dat'
INFO: [SIM-utils-43] Exported 'D:/Program Files/Verilog project/MIPS_MultiCycle/MIPS_MultiCycle.sim/sim_1/behav/xsim/memfile.dat'
INFO: [SIM-utils-43] Exported 'D:/Program Files/Verilog project/MIPS_MultiCycle/MIPS_MultiCycle.sim/sim_1/behav/xsim/memfile.dat'
INFO: [USF-XSim-97] Finding global include files...
INFO: [USF-XSim-98] Fetching design files from 'sim_1'...
INFO: [USF-XSim-2] XSim::Compile design
INFO: [USF-XSim-61] Executing 'COMPILE and ANALYZE' step in 'D:/Program Files/Verilog project/MIPS_MultiCycle/MIPS_MultiCycle.sim/sim_1/behav/xsim'
"xvlog --incr --relax -prj test_vlog.prj"
INFO: [VRFC 10-2263] Analyzing SystemVerilog file "D:/Program Files/Verilog project/MIPS_MultiCycle/MIPS_MultiCycle.srcs/sources_1/imports/new/Hex7Seg.sv" into library xil_defaultlib
INFO: [VRFC 10-311] analyzing module Hex7Seg
INFO: [VRFC 10-2458] undeclared symbol AN, assumed default net type wire [D:/Program Files/Verilog project/MIPS_MultiCycle/MIPS_MultiCycle.srcs/sources_1/imports/new/Hex7Seg.sv:28]
INFO: [VRFC 10-2263] Analyzing SystemVerilog file "D:/Program Files/Verilog project/MIPS_MultiCycle/MIPS_MultiCycle.srcs/sources_1/imports/new/IO.sv" into library xil_defaultlib
INFO: [VRFC 10-311] analyzing module IO
INFO: [VRFC 10-2263] Analyzing SystemVerilog file "D:/Program Files/Verilog project/MIPS_MultiCycle/MIPS_MultiCycle.srcs/sources_1/imports/new/al2.sv" into library xil_defaultlib
INFO: [VRFC 10-311] analyzing module sl2
INFO: [VRFC 10-2263] Analyzing SystemVerilog file "D:/Program Files/Verilog project/MIPS_MultiCycle/MIPS_MultiCycle.srcs/sources_1/imports/new/alu.sv" into library xil_defaultlib
INFO: [VRFC 10-311] analyzing module alu
INFO: [VRFC 10-2263] Analyzing SystemVerilog file "D:/Program Files/Verilog project/MIPS_MultiCycle/MIPS_MultiCycle.srcs/sources_1/imports/new/aludec.sv" into library xil_defaultlib
INFO: [VRFC 10-311] analyzing module aludec
INFO: [VRFC 10-2263] Analyzing SystemVerilog file "D:/Program Files/Verilog project/MIPS_MultiCycle/MIPS_MultiCycle.srcs/sources_1/imports/new/controller.sv" into library xil_defaultlib
INFO: [VRFC 10-311] analyzing module controller
INFO: [VRFC 10-2263] Analyzing SystemVerilog file "D:/Program Files/Verilog project/MIPS_MultiCycle/MIPS_MultiCycle.srcs/sources_1/imports/new/dMemoryDecoder.sv" into library xil_defaultlib
INFO: [VRFC 10-311] analyzing module dMemoryDecoder
INFO: [VRFC 10-2263] Analyzing SystemVerilog file "D:/Program Files/Verilog project/MIPS_MultiCycle/MIPS_MultiCycle.srcs/sources_1/imports/new/datapath.sv" into library xil_defaultlib
INFO: [VRFC 10-311] analyzing module datapath
INFO: [VRFC 10-2263] Analyzing SystemVerilog file "D:/Program Files/Verilog project/MIPS_MultiCycle/MIPS_MultiCycle.srcs/sources_1/new/floprenr.sv" into library xil_defaultlib
INFO: [VRFC 10-311] analyzing module flopenr
INFO: [VRFC 10-2263] Analyzing SystemVerilog file "D:/Program Files/Verilog project/MIPS_MultiCycle/MIPS_MultiCycle.srcs/sources_1/imports/new/maindec.sv" into library xil_defaultlib
INFO: [VRFC 10-311] analyzing module maindec
INFO: [VRFC 10-2263] Analyzing SystemVerilog file "D:/Program Files/Verilog project/MIPS_MultiCycle/MIPS_MultiCycle.srcs/sources_1/new/mem.sv" into library xil_defaultlib
INFO: [VRFC 10-311] analyzing module mem
INFO: [VRFC 10-2263] Analyzing SystemVerilog file "D:/Program Files/Verilog project/MIPS_MultiCycle/MIPS_MultiCycle.srcs/sources_1/imports/new/mips.sv" into library xil_defaultlib
INFO: [VRFC 10-311] analyzing module mips
INFO: [VRFC 10-2263] Analyzing SystemVerilog file "D:/Program Files/Verilog project/MIPS_MultiCycle/MIPS_MultiCycle.srcs/sources_1/imports/new/mux2.sv" into library xil_defaultlib
INFO: [VRFC 10-311] analyzing module mux2
INFO: [VRFC 10-311] analyzing module mux3
INFO: [VRFC 10-2263] Analyzing SystemVerilog file "D:/Program Files/Verilog project/MIPS_MultiCycle/MIPS_MultiCycle.srcs/sources_1/new/mux4.sv" into library xil_defaultlib
INFO: [VRFC 10-311] analyzing module mux4
INFO: [VRFC 10-2263] Analyzing SystemVerilog file "D:/Program Files/Verilog project/MIPS_MultiCycle/MIPS_MultiCycle.srcs/sources_1/imports/new/mux7Seg.sv" into library xil_defaultlib
INFO: [VRFC 10-311] analyzing module mux7Seg
INFO: [VRFC 10-2263] Analyzing SystemVerilog file "D:/Program Files/Verilog project/MIPS_MultiCycle/MIPS_MultiCycle.srcs/sources_1/imports/new/regfile.sv" into library xil_defaultlib
INFO: [VRFC 10-311] analyzing module regfile
INFO: [VRFC 10-2263] Analyzing SystemVerilog file "D:/Program Files/Verilog project/MIPS_MultiCycle/MIPS_MultiCycle.srcs/sources_1/imports/new/signext.sv" into library xil_defaultlib
INFO: [VRFC 10-311] analyzing module signext
INFO: [VRFC 10-2263] Analyzing SystemVerilog file "D:/Program Files/Verilog project/MIPS_MultiCycle/MIPS_MultiCycle.srcs/sources_1/imports/new/top.sv" into library xil_defaultlib
INFO: [VRFC 10-311] analyzing module top
INFO: [VRFC 10-2263] Analyzing SystemVerilog file "D:/Program Files/Verilog project/MIPS_MultiCycle/MIPS_MultiCycle.srcs/sources_1/imports/new/test.sv" into library xil_defaultlib
INFO: [VRFC 10-311] analyzing module test
INFO: [USF-XSim-69] 'compile' step finished in '1' seconds
INFO: [USF-XSim-3] XSim::Elaborate design
INFO: [USF-XSim-61] Executing 'ELABORATE' step in 'D:/Program Files/Verilog project/MIPS_MultiCycle/MIPS_MultiCycle.sim/sim_1/behav/xsim'
"xelab -wto 23cb1d91c6c546cdb3de89716d0f39d7 --incr --debug typical --relax --mt 2 -L xil_defaultlib -L unisims_ver -L unimacro_ver -L secureip --snapshot test_behav xil_defaultlib.test xil_defaultlib.glbl -log elaborate.log"
Vivado Simulator 2019.2
Copyright 1986-1999, 2001-2019 Xilinx, Inc. All Rights Reserved.
Running: D:/program/vivado/Vivado/2019.2/bin/unwrapped/win64.o/xelab.exe -wto 23cb1d91c6c546cdb3de89716d0f39d7 --incr --debug typical --relax --mt 2 -L xil_defaultlib -L unisims_ver -L unimacro_ver -L secureip --snapshot test_behav xil_defaultlib.test xil_defaultlib.glbl -log elaborate.log 
Using 2 slave threads.
Starting static elaboration
Pass Through NonSizing Optimizer
Completed static elaboration
Starting simulation data flow analysis
Completed simulation data flow analysis
Time Resolution for simulation is 1ps
Compiling module xil_defaultlib.maindec
Compiling module xil_defaultlib.aludec
Compiling module xil_defaultlib.controller
Compiling module xil_defaultlib.flopenr(WIDTH=32)
Compiling module xil_defaultlib.mux2(WIDTH=32)
Compiling module xil_defaultlib.mux2(WIDTH=5)
Compiling module xil_defaultlib.regfile
Compiling module xil_defaultlib.signext
Compiling module xil_defaultlib.sl2
Compiling module xil_defaultlib.mux4
Compiling module xil_defaultlib.alu
Compiling module xil_defaultlib.mux3(WIDTH=32)
Compiling module xil_defaultlib.datapath
Compiling module xil_defaultlib.mips
Compiling module xil_defaultlib.IO
Compiling module xil_defaultlib.mem
Compiling module xil_defaultlib.Hex7Seg
Compiling module xil_defaultlib.mux7Seg
Compiling module xil_defaultlib.dMemoryDecoder
Compiling module xil_defaultlib.top
Compiling module xil_defaultlib.test
Compiling module xil_defaultlib.glbl
Built simulation snapshot test_behav
INFO: [USF-XSim-69] 'elaborate' step finished in '2' seconds
INFO: [USF-XSim-4] XSim::Simulate design
INFO: [USF-XSim-61] Executing 'SIMULATE' step in 'D:/Program Files/Verilog project/MIPS_MultiCycle/MIPS_MultiCycle.sim/sim_1/behav/xsim'
INFO: [USF-XSim-98] *** Running xsim
   with args "test_behav -key {Behavioral:sim_1:Functional:test} -tclbatch {test.tcl} -view {{D:/Program Files/Verilog project/MIPS_MultiCycle/testbench_behav.wcfg}} -log {simulate.log}"
INFO: [USF-XSim-8] Loading simulator feature
Vivado Simulator 2019.2
Time resolution is 1 ps
open_wave_config {D:/Program Files/Verilog project/MIPS_MultiCycle/testbench_behav.wcfg}
WARNING: Simulation object /testbench/clk was not found in the design.
WARNING: Simulation object /testbench/reset was not found in the design.
WARNING: Simulation object /testbench/writedata was not found in the design.
WARNING: Simulation object /testbench/adr was not found in the design.
WARNING: Simulation object /testbench/memwrite was not found in the design.
source test.tcl
# set curr_wave [current_wave_config]
# if { [string length $curr_wave] == 0 } {
#   if { [llength [get_objects]] > 0} {
#     add_wave /
#     set_property needs_save false [current_wave_config]
#   } else {
#      send_msg_id Add_Wave-1 WARNING "No top level signals found. Simulator will start without a wave window. If you want to open a wave window go to 'File->New Waveform Configuration' or type 'create_wave_config' in the TCL console."
#   }
# }
# run 1000ns
WARNING: 0ns : none of the conditions were true for unique case from File:D:/Program Files/Verilog project/MIPS_MultiCycle/MIPS_MultiCycle.srcs/sources_1/new/mux4.sv:29
WARNING: 0ns : none of the conditions were true for unique case from File:D:/Program Files/Verilog project/MIPS_MultiCycle/MIPS_MultiCycle.srcs/sources_1/new/mux4.sv:29
INFO: [USF-XSim-96] XSim completed. Design snapshot 'test_behav' loaded.
INFO: [USF-XSim-97] XSim simulation ran for 1000ns
current_wave_config {testbench_behav.wcfg}
testbench_behav.wcfg
add_wave {{/test/dut/dmd/sg/data}} 
current_wave_config {testbench_behav.wcfg}
testbench_behav.wcfg
add_wave {{/test/dut}} 
restart
INFO: [Simtcl 6-17] Simulation restarted
run 10 us
WARNING: 0ns : none of the conditions were true for unique case from File:D:/Program Files/Verilog project/MIPS_MultiCycle/MIPS_MultiCycle.srcs/sources_1/new/mux4.sv:29
WARNING: 0ns : none of the conditions were true for unique case from File:D:/Program Files/Verilog project/MIPS_MultiCycle/MIPS_MultiCycle.srcs/sources_1/new/mux4.sv:29
save_wave_config {D:/Program Files/Verilog project/MIPS_MultiCycle/testbench_behav.wcfg}
close_sim
INFO: [Simtcl 6-16] Simulation closed
exit
INFO: [Common 17-206] Exiting Vivado at Sat Apr  8 23:45:26 2023...
