INFO: [VRFC 10-2263] Analyzing SystemVerilog file "D:/Program Files/Verilog project/MIPS_Pipeline/MIPS_Pipeline.srcs/sources_1/imports/new/Hex7Seg.sv" into library xil_defaultlib
INFO: [VRFC 10-311] analyzing module Hex7Seg
INFO: [VRFC 10-2458] undeclared symbol AN, assumed default net type wire [D:/Program Files/Verilog project/MIPS_Pipeline/MIPS_Pipeline.srcs/sources_1/imports/new/Hex7Seg.sv:28]
INFO: [VRFC 10-2263] Analyzing SystemVerilog file "D:/Program Files/Verilog project/MIPS_Pipeline/MIPS_Pipeline.srcs/sources_1/imports/new/IO.sv" into library xil_defaultlib
INFO: [VRFC 10-311] analyzing module IO
INFO: [VRFC 10-2263] Analyzing SystemVerilog file "D:/Program Files/Verilog project/MIPS_Pipeline/MIPS_Pipeline.srcs/sources_1/imports/new/adder.sv" into library xil_defaultlib
INFO: [VRFC 10-311] analyzing module adder
INFO: [VRFC 10-2263] Analyzing SystemVerilog file "D:/Program Files/Verilog project/MIPS_Pipeline/MIPS_Pipeline.srcs/sources_1/imports/new/al2.sv" into library xil_defaultlib
INFO: [VRFC 10-311] analyzing module sl2
INFO: [VRFC 10-2263] Analyzing SystemVerilog file "D:/Program Files/Verilog project/MIPS_Pipeline/MIPS_Pipeline.srcs/sources_1/imports/new/alu.sv" into library xil_defaultlib
INFO: [VRFC 10-311] analyzing module alu
INFO: [VRFC 10-2263] Analyzing SystemVerilog file "D:/Program Files/Verilog project/MIPS_Pipeline/MIPS_Pipeline.srcs/sources_1/imports/new/aludec.sv" into library xil_defaultlib
INFO: [VRFC 10-311] analyzing module aludec
INFO: [VRFC 10-2263] Analyzing SystemVerilog file "D:/Program Files/Verilog project/MIPS_Pipeline/MIPS_Pipeline.srcs/sources_1/imports/new/controller.sv" into library xil_defaultlib
INFO: [VRFC 10-311] analyzing module controller
INFO: [VRFC 10-2263] Analyzing SystemVerilog file "D:/Program Files/Verilog project/MIPS_Pipeline/MIPS_Pipeline.srcs/sources_1/imports/new/dMemoryDecoder.sv" into library xil_defaultlib
INFO: [VRFC 10-311] analyzing module dMemoryDecoder
INFO: [VRFC 10-2263] Analyzing SystemVerilog file "D:/Program Files/Verilog project/MIPS_Pipeline/MIPS_Pipeline.srcs/sources_1/imports/new/datapath.sv" into library xil_defaultlib
INFO: [VRFC 10-311] analyzing module datapath
INFO: [VRFC 10-2458] undeclared symbol flushD, assumed default net type wire [D:/Program Files/Verilog project/MIPS_Pipeline/MIPS_Pipeline.srcs/sources_1/imports/new/datapath.sv:82]
INFO: [VRFC 10-2263] Analyzing SystemVerilog file "D:/Program Files/Verilog project/MIPS_Pipeline/MIPS_Pipeline.srcs/sources_1/imports/new/dmem.sv" into library xil_defaultlib
INFO: [VRFC 10-311] analyzing module dmem
INFO: [VRFC 10-2263] Analyzing SystemVerilog file "D:/Program Files/Verilog project/MIPS_Pipeline/MIPS_Pipeline.srcs/sources_1/new/eqcmp.sv" into library xil_defaultlib
INFO: [VRFC 10-311] analyzing module eqcmp
INFO: [VRFC 10-2263] Analyzing SystemVerilog file "D:/Program Files/Verilog project/MIPS_Pipeline/MIPS_Pipeline.srcs/sources_1/imports/new/flopr.sv" into library xil_defaultlib
INFO: [VRFC 10-311] analyzing module flopr
INFO: [VRFC 10-311] analyzing module floprc
INFO: [VRFC 10-311] analyzing module flopenr
INFO: [VRFC 10-311] analyzing module flopenrc
INFO: [VRFC 10-2263] Analyzing SystemVerilog file "D:/Program Files/Verilog project/MIPS_Pipeline/MIPS_Pipeline.srcs/sources_1/new/hazard.sv" into library xil_defaultlib
INFO: [VRFC 10-311] analyzing module hazard
INFO: [VRFC 10-2263] Analyzing SystemVerilog file "D:/Program Files/Verilog project/MIPS_Pipeline/MIPS_Pipeline.srcs/sources_1/imports/new/imem.sv" into library xil_defaultlib
INFO: [VRFC 10-311] analyzing module imem
INFO: [VRFC 10-2263] Analyzing SystemVerilog file "D:/Program Files/Verilog project/MIPS_Pipeline/MIPS_Pipeline.srcs/sources_1/imports/new/maindec.sv" into library xil_defaultlib
INFO: [VRFC 10-311] analyzing module maindec
INFO: [VRFC 10-2263] Analyzing SystemVerilog file "D:/Program Files/Verilog project/MIPS_Pipeline/MIPS_Pipeline.srcs/sources_1/imports/new/mips.sv" into library xil_defaultlib
INFO: [VRFC 10-311] analyzing module mips
INFO: [VRFC 10-2263] Analyzing SystemVerilog file "D:/Program Files/Verilog project/MIPS_Pipeline/MIPS_Pipeline.srcs/sources_1/imports/new/mux2.sv" into library xil_defaultlib
INFO: [VRFC 10-311] analyzing module mux2
INFO: [VRFC 10-311] analyzing module mux3
INFO: [VRFC 10-2263] Analyzing SystemVerilog file "D:/Program Files/Verilog project/MIPS_Pipeline/MIPS_Pipeline.srcs/sources_1/new/mux4.sv" into library xil_defaultlib
INFO: [VRFC 10-311] analyzing module mux4
INFO: [VRFC 10-2263] Analyzing SystemVerilog file "D:/Program Files/Verilog project/MIPS_Pipeline/MIPS_Pipeline.srcs/sources_1/imports/new/mux7Seg.sv" into library xil_defaultlib
INFO: [VRFC 10-311] analyzing module mux7Seg
INFO: [VRFC 10-2263] Analyzing SystemVerilog file "D:/Program Files/Verilog project/MIPS_Pipeline/MIPS_Pipeline.srcs/sources_1/imports/new/regfile.sv" into library xil_defaultlib
INFO: [VRFC 10-311] analyzing module regfile
INFO: [VRFC 10-2263] Analyzing SystemVerilog file "D:/Program Files/Verilog project/MIPS_Pipeline/MIPS_Pipeline.srcs/sources_1/imports/new/signext.sv" into library xil_defaultlib
INFO: [VRFC 10-311] analyzing module signext
INFO: [VRFC 10-2263] Analyzing SystemVerilog file "D:/Program Files/Verilog project/MIPS_Pipeline/MIPS_Pipeline.srcs/sources_1/imports/new/top.sv" into library xil_defaultlib
INFO: [VRFC 10-311] analyzing module top
INFO: [VRFC 10-2263] Analyzing SystemVerilog file "D:/Program Files/Verilog project/MIPS_Pipeline/MIPS_Pipeline.srcs/sources_1/imports/new/zeronext.sv" into library xil_defaultlib
INFO: [VRFC 10-311] analyzing module zeroext
INFO: [VRFC 10-2263] Analyzing SystemVerilog file "D:/Program Files/Verilog project/MIPS_Pans/MIPS_Pans.srcs/sim_1/imports/sim_1/test.sv" into library xil_defaultlib
INFO: [VRFC 10-311] analyzing module test
